


Not all games were entered at Fri Feb 23 13:21:42 GMT 2018


Recording from beginning: false
Ruch Chorzow  vs Trinec 


=====   Starting Odds   =====

Time: --:--
Minutes: --	 Seconds: --
Home team: -
Away team: -
Home team Goals: -1
Away team Goals: -1
Home team odds: -1.0
Away team odds: -1.0
Draw odds: -1.0
Next Goal Home Team odds: 0.0
Next Goal away Team odds: -1.0
No next Goal Odds: -1.0
Over -1.0 goals odds: -1.0
Under -1.0 goals odds: -1.0



=====   In Game Odds   =====

Time: 84:11
Minutes: 84	 Seconds: 11
Home team: Ruch Chorzow 
Away team: Trinec 
Home team Goals: 1
Away team Goals: 1
Home team odds: 6.0
Away team odds: 4.0
Draw odds: 0.33333334
Next Goal Home Team odds: 5.5
Next Goal away Team odds: 3.75
No next Goal Odds: 0.33333334
Over 2.5 goals odds: 2.25
Under 2.5 goals odds: 0.33333334


Time: 85:04
Minutes: 85	 Seconds: 04
Home team: Ruch Chorzow 
Away team: Trinec 
Home team Goals: 1
Away team Goals: 1
Home team odds: 7.0
Away team odds: 5.0
Draw odds: 0.25
Next Goal Home Team odds: 6.5
Next Goal away Team odds: 4.5
No next Goal Odds: 0.25
Over 2.5 goals odds: 2.75
Under 2.5 goals odds: 0.25


Time: 86:01
Minutes: 86	 Seconds: 01
Home team: Ruch Chorzow 
Away team: Trinec 
Home team Goals: 1
Away team Goals: 1
Home team odds: 8.5
Away team odds: 6.5
Draw odds: 0.14285715
Next Goal Home Team odds: 8.0
Next Goal away Team odds: 6.5
No next Goal Odds: 0.16666667
Over 2.5 goals odds: 3.5
Under 2.5 goals odds: 0.16666667


Time: 87:03
Minutes: 87	 Seconds: 03
Home team: Ruch Chorzow 
Away team: Trinec 
Home team Goals: 1
Away team Goals: 1
Home team odds: 10.0
Away team odds: 7.5
Draw odds: 0.1
Next Goal Home Team odds: 9.0
Next Goal away Team odds: 7.0
No next Goal Odds: 0.11111111
Over 2.5 goals odds: 5.0
Under 2.5 goals odds: 0.11111111


Time: 88:02
Minutes: 88	 Seconds: 02
Home team: Ruch Chorzow 
Away team: Trinec 
Home team Goals: 1
Away team Goals: 1
Home team odds: 11.0
Away team odds: 8.5
Draw odds: 0.071428575
Next Goal Home Team odds: 10.0
Next Goal away Team odds: 8.0
No next Goal Odds: 0.083333336
Over -1.0 goals odds: -1.0
Under -1.0 goals odds: -1.0


Time: 89:00
Minutes: 89	 Seconds: 00
Home team: Ruch Chorzow 
Away team: Trinec 
Home team Goals: 1
Away team Goals: 1
Home team odds: 12.0
Away team odds: 10.0
Draw odds: 0.05
Next Goal Home Team odds: 10.0
Next Goal away Team odds: 10.0
No next Goal Odds: 0.05
Over -1.0 goals odds: -1.0
Under -1.0 goals odds: -1.0


Time: 90:02
Minutes: 90	 Seconds: 02
Home team: Ruch Chorzow 
Away team: Trinec 
Home team Goals: 1
Away team Goals: 1
Home team odds: -1.0
Away team odds: -1.0
Draw odds: -1.0
Next Goal Home Team odds: 0.0
Next Goal away Team odds: -1.0
No next Goal Odds: 0.02
Over -1.0 goals odds: -1.0
Under -1.0 goals odds: -1.0



=====   End Odds   =====

Time: --:--
Minutes: --	 Seconds: --
Home team: -
Away team: -
Home team Goals: -1
Away team Goals: -1
Home team odds: -1.0
Away team odds: -1.0
Draw odds: -1.0
Next Goal Home Team odds: 0.0
Next Goal away Team odds: -1.0
No next Goal Odds: -1.0
Over -1.0 goals odds: -1.0
Under -1.0 goals odds: -1.0




Not all games were entered at Fri Feb 23 13:22:32 GMT 2018


Recording from beginning: false
Gostaresh Foolad  vs Paykan 


=====   Starting Odds   =====

Time: --:--
Minutes: --	 Seconds: --
Home team: -
Away team: -
Home team Goals: -1
Away team Goals: -1
Home team odds: -1.0
Away team odds: -1.0
Draw odds: -1.0
Next Goal Home Team odds: 0.0
Next Goal away Team odds: -1.0
No next Goal Odds: -1.0
Over -1.0 goals odds: -1.0
Under -1.0 goals odds: -1.0



=====   In Game Odds   =====

Time: 86:31
Minutes: 86	 Seconds: 31
Home team: Gostaresh Foolad 
Away team: Paykan 
Home team Goals: 0
Away team Goals: 2
Home team odds: -1.0
Away team odds: -1.0
Draw odds: -1.0
Next Goal Home Team odds: 5.5
Next Goal away Team odds: 6.5
No next Goal Odds: 0.22222222
Over 2.5 goals odds: 3.0
Under 2.5 goals odds: 0.22222222


Time: 87:02
Minutes: 87	 Seconds: 02
Home team: Gostaresh Foolad 
Away team: Paykan 
Home team Goals: 0
Away team Goals: 2
Home team odds: -1.0
Away team odds: -1.0
Draw odds: -1.0
Next Goal Home Team odds: 5.5
Next Goal away Team odds: 6.5
No next Goal Odds: 0.22222222
Over 2.5 goals odds: 3.0
Under 2.5 goals odds: 0.22222222


Time: 88:00
Minutes: 88	 Seconds: 00
Home team: Gostaresh Foolad 
Away team: Paykan 
Home team Goals: 0
Away team Goals: 2
Home team odds: -1.0
Away team odds: -1.0
Draw odds: -1.0
Next Goal Home Team odds: 6.0
Next Goal away Team odds: 7.0
No next Goal Odds: 0.2
Over 2.5 goals odds: 3.3333333
Under 2.5 goals odds: 0.2


Time: 89:03
Minutes: 89	 Seconds: 03
Home team: Gostaresh Foolad 
Away team: Paykan 
Home team Goals: 0
Away team Goals: 2
Home team odds: -1.0
Away team odds: -1.0
Draw odds: -1.0
Next Goal Home Team odds: 7.0
Next Goal away Team odds: 8.0
No next Goal Odds: 0.14285715
Over 2.5 goals odds: 4.0
Under 2.5 goals odds: 0.14285715


Time: 90:01
Minutes: 90	 Seconds: 01
Home team: Gostaresh Foolad 
Away team: Paykan 
Home team Goals: 0
Away team Goals: 2
Home team odds: -1.0
Away team odds: -1.0
Draw odds: -1.0
Next Goal Home Team odds: 7.5
Next Goal away Team odds: 8.5
No next Goal Odds: 0.11111111
Over 2.5 goals odds: 5.0
Under 2.5 goals odds: 0.11111111


Time: 90:11
Minutes: 90	 Seconds: 11
Home team: Gostaresh Foolad 
Away team: Paykan 
Home team Goals: 0
Away team Goals: 3
Home team odds: -1.0
Away team odds: -1.0
Draw odds: -1.0
Next Goal Home Team odds: 0.0
Next Goal away Team odds: -1.0
No next Goal Odds: 0.125
Over 3.5 goals odds: 4.5
Under 3.5 goals odds: 0.125


Time: 91:03
Minutes: 91	 Seconds: 03
Home team: Gostaresh Foolad 
Away team: Paykan 
Home team Goals: 0
Away team Goals: 3
Home team odds: -1.0
Away team odds: -1.0
Draw odds: -1.0
Next Goal Home Team odds: 0.0
Next Goal away Team odds: -1.0
No next Goal Odds: 0.1
Over 3.5 goals odds: 5.5
Under 3.5 goals odds: 0.1


Time: 92:02
Minutes: 92	 Seconds: 02
Home team: Gostaresh Foolad 
Away team: Paykan 
Home team Goals: 0
Away team Goals: 3
Home team odds: -1.0
Away team odds: -1.0
Draw odds: -1.0
Next Goal Home Team odds: 0.0
Next Goal away Team odds: -1.0
No next Goal Odds: 0.0625
Over -1.0 goals odds: -1.0
Under -1.0 goals odds: -1.0


Time: 93:04
Minutes: 93	 Seconds: 04
Home team: Gostaresh Foolad 
Away team: Paykan 
Home team Goals: 0
Away team Goals: 3
Home team odds: -1.0
Away team odds: -1.0
Draw odds: -1.0
Next Goal Home Team odds: 0.0
Next Goal away Team odds: -1.0
No next Goal Odds: 0.030303031
Over -1.0 goals odds: -1.0
Under -1.0 goals odds: -1.0


Time: 94:03
Minutes: 94	 Seconds: 03
Home team: Gostaresh Foolad 
Away team: Paykan 
Home team Goals: 0
Away team Goals: 3
Home team odds: -1.0
Away team odds: -1.0
Draw odds: -1.0
Next Goal Home Team odds: 0.0
Next Goal away Team odds: -1.0
No next Goal Odds: 0.005
Over -1.0 goals odds: -1.0
Under -1.0 goals odds: -1.0



=====   End Odds   =====

Time: 90:00
Minutes: 90	 Seconds: 00
Home team: Gostaresh Foolad 
Away team: Paykan 
Home team Goals: 0
Away team Goals: 3
Home team odds: -1.0
Away team odds: -1.0
Draw odds: -1.0
Next Goal Home Team odds: 0.0
Next Goal away Team odds: -1.0
No next Goal Odds: -1.0
Over -1.0 goals odds: -1.0
Under -1.0 goals odds: -1.0




Not all games were entered at Fri Feb 23 13:23:19 GMT 2018


Recording from beginning: false
Maccabi Shaaraim  vs Beitar Kfar Saba Shlomi 


=====   Starting Odds   =====

Time: --:--
Minutes: --	 Seconds: --
Home team: -
Away team: -
Home team Goals: -1
Away team Goals: -1
Home team odds: -1.0
Away team odds: -1.0
Draw odds: -1.0
Next Goal Home Team odds: 0.0
Next Goal away Team odds: -1.0
No next Goal Odds: -1.0
Over -1.0 goals odds: -1.0
Under -1.0 goals odds: -1.0



=====   In Game Odds   =====

Time: 86:09
Minutes: 86	 Seconds: 09
Home team: Maccabi Shaaraim 
Away team: Beitar Kfar Saba Shlomi 
Home team Goals: 1
Away team Goals: 1
Home team odds: 7.0
Away team odds: 3.5
Draw odds: 0.3
Next Goal Home Team odds: 6.5
Next Goal away Team odds: 3.3333333
No next Goal Odds: 0.33333334
Over 2.5 goals odds: 2.25
Under 2.5 goals odds: 0.33333334


Time: 87:02
Minutes: 87	 Seconds: 02
Home team: Maccabi Shaaraim 
Away team: Beitar Kfar Saba Shlomi 
Home team Goals: 1
Away team Goals: 1
Home team odds: 7.5
Away team odds: 4.0
Draw odds: 0.2857143
Next Goal Home Team odds: 7.0
Next Goal away Team odds: 3.75
No next Goal Odds: 0.2857143
Over 2.5 goals odds: 2.5
Under 2.5 goals odds: 0.2857143


Time: 88:04
Minutes: 88	 Seconds: 04
Home team: Maccabi Shaaraim 
Away team: Beitar Kfar Saba Shlomi 
Home team Goals: 1
Away team Goals: 1
Home team odds: 8.0
Away team odds: 4.5
Draw odds: 0.25
Next Goal Home Team odds: 7.5
Next Goal away Team odds: 4.0
No next Goal Odds: 0.25
Over 2.5 goals odds: 2.75
Under 2.5 goals odds: 0.25


Time: 89:01
Minutes: 89	 Seconds: 01
Home team: Maccabi Shaaraim 
Away team: Beitar Kfar Saba Shlomi 
Home team Goals: 1
Away team Goals: 1
Home team odds: 8.5
Away team odds: 5.0
Draw odds: 0.2
Next Goal Home Team odds: 8.0
Next Goal away Team odds: 5.0
No next Goal Odds: 0.2
Over 2.5 goals odds: 3.3333333
Under 2.5 goals odds: 0.2


Time: 90:00
Minutes: 90	 Seconds: 00
Home team: Maccabi Shaaraim 
Away team: Beitar Kfar Saba Shlomi 
Home team Goals: 1
Away team Goals: 1
Home team odds: 10.0
Away team odds: 6.0
Draw odds: 0.14285715
Next Goal Home Team odds: 9.0
Next Goal away Team odds: 6.0
No next Goal Odds: 0.16666667
Over 2.5 goals odds: 3.5
Under 2.5 goals odds: 0.16666667


Time: 91:04
Minutes: 91	 Seconds: 04
Home team: Maccabi Shaaraim 
Away team: Beitar Kfar Saba Shlomi 
Home team Goals: 1
Away team Goals: 1
Home team odds: 11.0
Away team odds: 7.0
Draw odds: 0.09090909
Next Goal Home Team odds: 10.0
Next Goal away Team odds: 7.0
No next Goal Odds: 0.11111111
Over -1.0 goals odds: -1.0
Under -1.0 goals odds: -1.0


Time: 92:00
Minutes: 92	 Seconds: 00
Home team: Maccabi Shaaraim 
Away team: Beitar Kfar Saba Shlomi 
Home team Goals: 1
Away team Goals: 1
Home team odds: -1.0
Away team odds: -1.0
Draw odds: -1.0
Next Goal Home Team odds: 0.0
Next Goal away Team odds: -1.0
No next Goal Odds: 0.0625
Over -1.0 goals odds: -1.0
Under -1.0 goals odds: -1.0


Time: 93:03
Minutes: 93	 Seconds: 03
Home team: Maccabi Shaaraim 
Away team: Beitar Kfar Saba Shlomi 
Home team Goals: 1
Away team Goals: 1
Home team odds: -1.0
Away team odds: -1.0
Draw odds: -1.0
Next Goal Home Team odds: 0.0
Next Goal away Team odds: -1.0
No next Goal Odds: 0.025
Over -1.0 goals odds: -1.0
Under -1.0 goals odds: -1.0


Time: 94:01
Minutes: 94	 Seconds: 01
Home team: Maccabi Shaaraim 
Away team: Beitar Kfar Saba Shlomi 
Home team Goals: 1
Away team Goals: 1
Home team odds: -1.0
Away team odds: -1.0
Draw odds: -1.0
Next Goal Home Team odds: 0.0
Next Goal away Team odds: -1.0
No next Goal Odds: 0.01
Over -1.0 goals odds: -1.0
Under -1.0 goals odds: -1.0



=====   End Odds   =====

Time: 90:00
Minutes: 90	 Seconds: 00
Home team: Maccabi Shaaraim 
Away team: Beitar Kfar Saba Shlomi 
Home team Goals: 1
Away team Goals: 1
Home team odds: -1.0
Away team odds: -1.0
Draw odds: -1.0
Next Goal Home Team odds: 0.0
Next Goal away Team odds: -1.0
No next Goal Odds: -1.0
Over -1.0 goals odds: -1.0
Under -1.0 goals odds: -1.0




Not all games were entered at Fri Feb 23 13:26:02 GMT 2018


Recording from beginning: false
Maccabi Kabilio Jaffa  vs AS Nordia Jerusalem 


=====   Starting Odds   =====

Time: --:--
Minutes: --	 Seconds: --
Home team: -
Away team: -
Home team Goals: -1
Away team Goals: -1
Home team odds: -1.0
Away team odds: -1.0
Draw odds: -1.0
Next Goal Home Team odds: 0.0
Next Goal away Team odds: -1.0
No next Goal Odds: -1.0
Over -1.0 goals odds: -1.0
Under -1.0 goals odds: -1.0



=====   In Game Odds   =====

Time: 83:22
Minutes: 83	 Seconds: 22
Home team: Maccabi Kabilio Jaffa 
Away team: AS Nordia Jerusalem 
Home team Goals: 0
Away team Goals: 0
Home team odds: 2.75
Away team odds: 10.0
Draw odds: 0.33333334
Next Goal Home Team odds: 2.6
Next Goal away Team odds: 9.0
No next Goal Odds: 0.33333334
Over 0.5 goals odds: 2.25
Under 0.5 goals odds: 0.33333334


Time: 84:04
Minutes: 84	 Seconds: 04
Home team: Maccabi Kabilio Jaffa 
Away team: AS Nordia Jerusalem 
Home team Goals: 0
Away team Goals: 0
Home team odds: 3.0
Away team odds: 9.0
Draw odds: 0.33333334
Next Goal Home Team odds: 2.75
Next Goal away Team odds: 8.0
No next Goal Odds: 0.33333334
Over 0.5 goals odds: 2.25
Under 0.5 goals odds: 0.33333334


Time: 85:00
Minutes: 85	 Seconds: 00
Home team: Maccabi Kabilio Jaffa 
Away team: AS Nordia Jerusalem 
Home team Goals: 0
Away team Goals: 0
Home team odds: 3.75
Away team odds: 12.0
Draw odds: 0.22222222
Next Goal Home Team odds: 3.5
Next Goal away Team odds: 11.0
No next Goal Odds: 0.25
Over 0.5 goals odds: 2.75
Under 0.5 goals odds: 0.25


Time: 86:05
Minutes: 86	 Seconds: 05
Home team: Maccabi Kabilio Jaffa 
Away team: AS Nordia Jerusalem 
Home team Goals: 0
Away team Goals: 0
Home team odds: 3.3333333
Away team odds: 11.0
Draw odds: 0.25
Next Goal Home Team odds: 3.0
Next Goal away Team odds: 10.0
No next Goal Odds: 0.2857143
Over 0.5 goals odds: 2.5
Under 0.5 goals odds: 0.2857143


Time: 87:02
Minutes: 87	 Seconds: 02
Home team: Maccabi Kabilio Jaffa 
Away team: AS Nordia Jerusalem 
Home team Goals: 0
Away team Goals: 0
Home team odds: 4.5
Away team odds: 10.0
Draw odds: 0.2
Next Goal Home Team odds: 4.0
Next Goal away Team odds: 9.0
No next Goal Odds: 0.22222222
Over 0.5 goals odds: 3.0
Under 0.5 goals odds: 0.22222222


Time: 88:00
Minutes: 88	 Seconds: 00
Home team: Maccabi Kabilio Jaffa 
Away team: AS Nordia Jerusalem 
Home team Goals: 0
Away team Goals: 0
Home team odds: 5.0
Away team odds: 11.0
Draw odds: 0.16666667
Next Goal Home Team odds: 4.5
Next Goal away Team odds: 10.0
No next Goal Odds: 0.2
Over 0.5 goals odds: 3.3333333
Under 0.5 goals odds: 0.2


Time: 89:03
Minutes: 89	 Seconds: 03
Home team: Maccabi Kabilio Jaffa 
Away team: AS Nordia Jerusalem 
Home team Goals: 0
Away team Goals: 0
Home team odds: 4.5
Away team odds: 10.0
Draw odds: 0.2
Next Goal Home Team odds: 4.5
Next Goal away Team odds: 9.0
No next Goal Odds: 0.2
Over 0.5 goals odds: 3.3333333
Under 0.5 goals odds: 0.2


Time: 90:00
Minutes: 90	 Seconds: 00
Home team: Maccabi Kabilio Jaffa 
Away team: AS Nordia Jerusalem 
Home team Goals: 0
Away team Goals: 0
Home team odds: 6.0
Away team odds: 11.0
Draw odds: 0.14285715
Next Goal Home Team odds: 5.5
Next Goal away Team odds: 10.0
No next Goal Odds: 0.14285715
Over 0.5 goals odds: 4.0
Under 0.5 goals odds: 0.14285715


Time: 91:03
Minutes: 91	 Seconds: 03
Home team: Maccabi Kabilio Jaffa 
Away team: AS Nordia Jerusalem 
Home team Goals: 0
Away team Goals: 0
Home team odds: 6.5
Away team odds: 12.0
Draw odds: 0.11111111
Next Goal Home Team odds: 6.0
Next Goal away Team odds: 11.0
No next Goal Odds: 0.125
Over 0.5 goals odds: 4.5
Under 0.5 goals odds: 0.125


Time: 92:04
Minutes: 92	 Seconds: 04
Home team: Maccabi Kabilio Jaffa 
Away team: AS Nordia Jerusalem 
Home team Goals: 0
Away team Goals: 0
Home team odds: 8.0
Away team odds: 14.0
Draw odds: 0.071428575
Next Goal Home Team odds: 8.0
Next Goal away Team odds: 12.0
No next Goal Odds: 0.083333336
Over -1.0 goals odds: -1.0
Under -1.0 goals odds: -1.0


Time: 93:03
Minutes: 93	 Seconds: 03
Home team: Maccabi Kabilio Jaffa 
Away team: AS Nordia Jerusalem 
Home team Goals: 0
Away team Goals: 0
Home team odds: 10.0
Away team odds: 14.0
Draw odds: 0.045454547
Next Goal Home Team odds: 10.0
Next Goal away Team odds: 12.0
No next Goal Odds: 0.05
Over -1.0 goals odds: -1.0
Under -1.0 goals odds: -1.0


Time: 94:00
Minutes: 94	 Seconds: 00
Home team: Maccabi Kabilio Jaffa 
Away team: AS Nordia Jerusalem 
Home team Goals: 0
Away team Goals: 0
Home team odds: -1.0
Away team odds: -1.0
Draw odds: -1.0
Next Goal Home Team odds: 0.0
Next Goal away Team odds: -1.0
No next Goal Odds: 0.0125
Over -1.0 goals odds: -1.0
Under -1.0 goals odds: -1.0



=====   End Odds   =====

Time: 90:00
Minutes: 90	 Seconds: 00
Home team: Maccabi Kabilio Jaffa 
Away team: AS Nordia Jerusalem 
Home team Goals: 0
Away team Goals: 0
Home team odds: -1.0
Away team odds: -1.0
Draw odds: -1.0
Next Goal Home Team odds: 0.0
Next Goal away Team odds: -1.0
No next Goal Odds: -1.0
Over -1.0 goals odds: -1.0
Under -1.0 goals odds: -1.0




Not all games were entered at Fri Feb 23 13:26:29 GMT 2018


Recording from beginning: false
FC Lviv  vs Odek Orzhiv 


=====   Starting Odds   =====

Time: --:--
Minutes: --	 Seconds: --
Home team: -
Away team: -
Home team Goals: -1
Away team Goals: -1
Home team odds: -1.0
Away team odds: -1.0
Draw odds: -1.0
Next Goal Home Team odds: 0.0
Next Goal away Team odds: -1.0
No next Goal Odds: -1.0
Over -1.0 goals odds: -1.0
Under -1.0 goals odds: -1.0



=====   In Game Odds   =====

Time: 79:00
Minutes: 79	 Seconds: 00
Home team: FC Lviv 
Away team: Odek Orzhiv 
Home team Goals: 2
Away team Goals: 2
Home team odds: 1.5
Away team odds: 8.5
Draw odds: 0.6666667
Next Goal Home Team odds: 1.4
Next Goal away Team odds: 7.0
No next Goal Odds: 0.72727275
Over 4.5 goals odds: 1.0
Under 4.5 goals odds: 0.72727275


Time: 80:02
Minutes: 80	 Seconds: 02
Home team: FC Lviv 
Away team: Odek Orzhiv 
Home team Goals: 2
Away team Goals: 2
Home team odds: 1.625
Away team odds: 8.5
Draw odds: 0.61538464
Next Goal Home Team odds: 1.6
Next Goal away Team odds: 7.5
No next Goal Odds: 0.6666667
Over 4.5 goals odds: 1.1
Under 4.5 goals odds: 0.6666667


Time: 81:01
Minutes: 81	 Seconds: 01
Home team: FC Lviv 
Away team: Odek Orzhiv 
Home team Goals: 2
Away team Goals: 2
Home team odds: 1.875
Away team odds: 9.0
Draw odds: 0.53333336
Next Goal Home Team odds: 1.625
Next Goal away Team odds: 8.0
No next Goal Odds: 0.5714286
Over 4.5 goals odds: 1.25
Under 4.5 goals odds: 0.5714286


Time: 82:05
Minutes: 82	 Seconds: 05
Home team: FC Lviv 
Away team: Odek Orzhiv 
Home team Goals: 2
Away team Goals: 2
Home team odds: 2.0
Away team odds: 9.0
Draw odds: 0.5
Next Goal Home Team odds: 1.875
Next Goal away Team odds: 8.0
No next Goal Odds: 0.5
Over 4.5 goals odds: 1.5
Under 4.5 goals odds: 0.5


Time: 83:02
Minutes: 83	 Seconds: 02
Home team: FC Lviv 
Away team: Odek Orzhiv 
Home team Goals: 2
Away team Goals: 2
Home team odds: 2.25
Away team odds: 10.0
Draw odds: 0.4
Next Goal Home Team odds: 2.1
Next Goal away Team odds: 8.5
No next Goal Odds: 0.44444445
Over 4.5 goals odds: 1.625
Under 4.5 goals odds: 0.44444445


Time: 84:00
Minutes: 84	 Seconds: 00
Home team: FC Lviv 
Away team: Odek Orzhiv 
Home team Goals: 2
Away team Goals: 2
Home team odds: 2.6
Away team odds: 10.0
Draw odds: 0.36363637
Next Goal Home Team odds: 2.4
Next Goal away Team odds: 9.0
No next Goal Odds: 0.36363637
Over 4.5 goals odds: 2.0
Under 4.5 goals odds: 0.36363637


Time: 85:00
Minutes: 85	 Seconds: 00
Home team: FC Lviv 
Away team: Odek Orzhiv 
Home team Goals: 2
Away team Goals: 2
Home team odds: 3.0
Away team odds: 11.0
Draw odds: 0.2857143
Next Goal Home Team odds: 3.0
Next Goal away Team odds: 10.0
No next Goal Odds: 0.3
Over 4.5 goals odds: 2.4
Under 4.5 goals odds: 0.3


Time: 86:04
Minutes: 86	 Seconds: 04
Home team: FC Lviv 
Away team: Odek Orzhiv 
Home team Goals: 2
Away team Goals: 2
Home team odds: 3.75
Away team odds: 12.0
Draw odds: 0.22222222
Next Goal Home Team odds: 3.5
Next Goal away Team odds: 11.0
No next Goal Odds: 0.25
Over 4.5 goals odds: 2.75
Under 4.5 goals odds: 0.25


Time: 87:01
Minutes: 87	 Seconds: 01
Home team: FC Lviv 
Away team: Odek Orzhiv 
Home team Goals: 2
Away team Goals: 2
Home team odds: 5.0
Away team odds: 14.0
Draw odds: 0.16666667
Next Goal Home Team odds: 4.5
Next Goal away Team odds: 12.0
No next Goal Odds: 0.16666667
Over 4.5 goals odds: 3.5
Under 4.5 goals odds: 0.16666667


Time: 88:03
Minutes: 88	 Seconds: 03
Home team: FC Lviv 
Away team: Odek Orzhiv 
Home team Goals: 2
Away team Goals: 2
Home team odds: 6.0
Away team odds: 16.0
Draw odds: 0.11111111
Next Goal Home Team odds: 5.5
Next Goal away Team odds: 14.0
No next Goal Odds: 0.125
Over -1.0 goals odds: -1.0
Under -1.0 goals odds: -1.0


Time: 89:02
Minutes: 89	 Seconds: 02
Home team: FC Lviv 
Away team: Odek Orzhiv 
Home team Goals: 2
Away team Goals: 2
Home team odds: -1.0
Away team odds: -1.0
Draw odds: -1.0
Next Goal Home Team odds: 0.0
Next Goal away Team odds: -1.0
No next Goal Odds: 0.071428575
Over -1.0 goals odds: -1.0
Under -1.0 goals odds: -1.0


Time: 90:05
Minutes: 90	 Seconds: 05
Home team: FC Lviv 
Away team: Odek Orzhiv 
Home team Goals: 2
Away team Goals: 2
Home team odds: -1.0
Away team odds: -1.0
Draw odds: -1.0
Next Goal Home Team odds: 0.0
Next Goal away Team odds: -1.0
No next Goal Odds: 0.025
Over -1.0 goals odds: -1.0
Under -1.0 goals odds: -1.0



=====   End Odds   =====

Time: --:--
Minutes: --	 Seconds: --
Home team: -
Away team: -
Home team Goals: -1
Away team Goals: -1
Home team odds: -1.0
Away team odds: -1.0
Draw odds: -1.0
Next Goal Home Team odds: 0.0
Next Goal away Team odds: -1.0
No next Goal Odds: -1.0
Over -1.0 goals odds: -1.0
Under -1.0 goals odds: -1.0




Not all games were entered at Fri Feb 23 13:26:40 GMT 2018


Recording from beginning: false
Sepidrood Rasht  vs Saipa Karadj 


=====   Starting Odds   =====

Time: --:--
Minutes: --	 Seconds: --
Home team: -
Away team: -
Home team Goals: -1
Away team Goals: -1
Home team odds: -1.0
Away team odds: -1.0
Draw odds: -1.0
Next Goal Home Team odds: 0.0
Next Goal away Team odds: -1.0
No next Goal Odds: -1.0
Over -1.0 goals odds: -1.0
Under -1.0 goals odds: -1.0



=====   In Game Odds   =====

Time: 83:42
Minutes: 83	 Seconds: 42
Home team: Sepidrood Rasht 
Away team: Saipa Karadj 
Home team Goals: 2
Away team Goals: 0
Home team odds: -1.0
Away team odds: -1.0
Draw odds: -1.0
Next Goal Home Team odds: 6.0
Next Goal away Team odds: 3.5
No next Goal Odds: 0.33333334
Over 2.5 goals odds: 2.25
Under 2.5 goals odds: 0.33333334


Time: 84:03
Minutes: 84	 Seconds: 03
Home team: Sepidrood Rasht 
Away team: Saipa Karadj 
Home team Goals: 2
Away team Goals: 0
Home team odds: -1.0
Away team odds: -1.0
Draw odds: -1.0
Next Goal Home Team odds: 6.0
Next Goal away Team odds: 3.5
No next Goal Odds: 0.33333334
Over 2.5 goals odds: 2.25
Under 2.5 goals odds: 0.33333334


Time: 85:00
Minutes: 85	 Seconds: 00
Home team: Sepidrood Rasht 
Away team: Saipa Karadj 
Home team Goals: 2
Away team Goals: 0
Home team odds: -1.0
Away team odds: -1.0
Draw odds: -1.0
Next Goal Home Team odds: 6.5
Next Goal away Team odds: 4.5
No next Goal Odds: 0.25
Over 2.5 goals odds: 2.75
Under 2.5 goals odds: 0.25


Time: 86:03
Minutes: 86	 Seconds: 03
Home team: Sepidrood Rasht 
Away team: Saipa Karadj 
Home team Goals: 2
Away team Goals: 0
Home team odds: -1.0
Away team odds: -1.0
Draw odds: -1.0
Next Goal Home Team odds: 7.0
Next Goal away Team odds: 4.5
No next Goal Odds: 0.25
Over 2.5 goals odds: 2.75
Under 2.5 goals odds: 0.25


Time: 87:02
Minutes: 87	 Seconds: 02
Home team: Sepidrood Rasht 
Away team: Saipa Karadj 
Home team Goals: 2
Away team Goals: 0
Home team odds: -1.0
Away team odds: -1.0
Draw odds: -1.0
Next Goal Home Team odds: 7.5
Next Goal away Team odds: 5.0
No next Goal Odds: 0.2
Over 2.5 goals odds: 3.3333333
Under 2.5 goals odds: 0.2


Time: 88:04
Minutes: 88	 Seconds: 04
Home team: Sepidrood Rasht 
Away team: Saipa Karadj 
Home team Goals: 2
Away team Goals: 0
Home team odds: -1.0
Away team odds: -1.0
Draw odds: -1.0
Next Goal Home Team odds: 8.0
Next Goal away Team odds: 6.0
No next Goal Odds: 0.16666667
Over 2.5 goals odds: 3.5
Under 2.5 goals odds: 0.16666667


Time: 89:01
Minutes: 89	 Seconds: 01
Home team: Sepidrood Rasht 
Away team: Saipa Karadj 
Home team Goals: 2
Away team Goals: 0
Home team odds: -1.0
Away team odds: -1.0
Draw odds: -1.0
Next Goal Home Team odds: 8.0
Next Goal away Team odds: 6.0
No next Goal Odds: 0.16666667
Over 2.5 goals odds: 3.5
Under 2.5 goals odds: 0.16666667


Time: 90:03
Minutes: 90	 Seconds: 03
Home team: Sepidrood Rasht 
Away team: Saipa Karadj 
Home team Goals: 2
Away team Goals: 0
Home team odds: -1.0
Away team odds: -1.0
Draw odds: -1.0
Next Goal Home Team odds: 8.5
Next Goal away Team odds: 6.5
No next Goal Odds: 0.14285715
Over 2.5 goals odds: 4.0
Under 2.5 goals odds: 0.14285715


Time: 91:02
Minutes: 91	 Seconds: 02
Home team: Sepidrood Rasht 
Away team: Saipa Karadj 
Home team Goals: 2
Away team Goals: 0
Home team odds: -1.0
Away team odds: -1.0
Draw odds: -1.0
Next Goal Home Team odds: 9.0
Next Goal away Team odds: 7.5
No next Goal Odds: 0.1
Over 2.5 goals odds: 5.5
Under 2.5 goals odds: 0.1


Time: 92:00
Minutes: 92	 Seconds: 00
Home team: Sepidrood Rasht 
Away team: Saipa Karadj 
Home team Goals: 2
Away team Goals: 0
Home team odds: -1.0
Away team odds: -1.0
Draw odds: -1.0
Next Goal Home Team odds: 0.0
Next Goal away Team odds: -1.0
No next Goal Odds: 0.0625
Over -1.0 goals odds: -1.0
Under -1.0 goals odds: -1.0


Time: 93:01
Minutes: 93	 Seconds: 01
Home team: Sepidrood Rasht 
Away team: Saipa Karadj 
Home team Goals: 2
Away team Goals: 0
Home team odds: -1.0
Away team odds: -1.0
Draw odds: -1.0
Next Goal Home Team odds: 0.0
Next Goal away Team odds: -1.0
No next Goal Odds: 0.030303031
Over -1.0 goals odds: -1.0
Under -1.0 goals odds: -1.0


Time: 94:04
Minutes: 94	 Seconds: 04
Home team: Sepidrood Rasht 
Away team: Saipa Karadj 
Home team Goals: 2
Away team Goals: 0
Home team odds: -1.0
Away team odds: -1.0
Draw odds: -1.0
Next Goal Home Team odds: 0.0
Next Goal away Team odds: -1.0
No next Goal Odds: 0.005
Over -1.0 goals odds: -1.0
Under -1.0 goals odds: -1.0



=====   End Odds   =====

Time: 90:00
Minutes: 90	 Seconds: 00
Home team: Sepidrood Rasht 
Away team: Saipa Karadj 
Home team Goals: 2
Away team Goals: 0
Home team odds: -1.0
Away team odds: -1.0
Draw odds: -1.0
Next Goal Home Team odds: 0.0
Next Goal away Team odds: -1.0
No next Goal Odds: -1.0
Over -1.0 goals odds: -1.0
Under -1.0 goals odds: -1.0




Not all games were entered at Fri Feb 23 13:27:17 GMT 2018


Recording from beginning: false
Ironi Kiryat Gat  vs Hapoel Azor 


=====   Starting Odds   =====

Time: --:--
Minutes: --	 Seconds: --
Home team: -
Away team: -
Home team Goals: -1
Away team Goals: -1
Home team odds: -1.0
Away team odds: -1.0
Draw odds: -1.0
Next Goal Home Team odds: 0.0
Next Goal away Team odds: -1.0
No next Goal Odds: -1.0
Over -1.0 goals odds: -1.0
Under -1.0 goals odds: -1.0



=====   In Game Odds   =====

Time: 83:55
Minutes: 83	 Seconds: 55
Home team: Ironi Kiryat Gat 
Away team: Hapoel Azor 
Home team Goals: 0
Away team Goals: 1
Home team odds: 18.0
Away team odds: 0.25
Draw odds: 2.75
Next Goal Home Team odds: 2.2
Next Goal away Team odds: 6.5
No next Goal Odds: 0.5
Over 1.5 goals odds: 1.5
Under 1.5 goals odds: 0.5


Time: 84:01
Minutes: 84	 Seconds: 01
Home team: Ironi Kiryat Gat 
Away team: Hapoel Azor 
Home team Goals: 0
Away team Goals: 1
Home team odds: 20.0
Away team odds: 0.25
Draw odds: 3.0
Next Goal Home Team odds: 2.4
Next Goal away Team odds: 6.5
No next Goal Odds: 0.44444445
Over 1.5 goals odds: 1.625
Under 1.5 goals odds: 0.44444445


Time: 85:03
Minutes: 85	 Seconds: 03
Home team: Ironi Kiryat Gat 
Away team: Hapoel Azor 
Home team Goals: 0
Away team Goals: 1
Home team odds: 25.0
Away team odds: 0.2
Draw odds: 3.3333333
Next Goal Home Team odds: 2.75
Next Goal away Team odds: 7.5
No next Goal Odds: 0.36363637
Over 1.5 goals odds: 2.0
Under 1.5 goals odds: 0.36363637


Time: 86:02
Minutes: 86	 Seconds: 02
Home team: Ironi Kiryat Gat 
Away team: Hapoel Azor 
Home team Goals: 0
Away team Goals: 1
Home team odds: 25.0
Away team odds: 0.18181819
Draw odds: 3.5
Next Goal Home Team odds: 3.0
Next Goal away Team odds: 7.5
No next Goal Odds: 0.33333334
Over 1.5 goals odds: 2.25
Under 1.5 goals odds: 0.33333334


Time: 87:00
Minutes: 87	 Seconds: 00
Home team: Ironi Kiryat Gat 
Away team: Hapoel Azor 
Home team Goals: 0
Away team Goals: 1
Home team odds: 25.0
Away team odds: 0.16666667
Draw odds: 3.75
Next Goal Home Team odds: 3.3333333
Next Goal away Team odds: 7.0
No next Goal Odds: 0.33333334
Over 1.5 goals odds: 2.25
Under 1.5 goals odds: 0.33333334


Time: 88:01
Minutes: 88	 Seconds: 01
Home team: Ironi Kiryat Gat 
Away team: Hapoel Azor 
Home team Goals: 0
Away team Goals: 1
Home team odds: 33.0
Away team odds: 0.11111111
Draw odds: 5.5
Next Goal Home Team odds: 4.5
Next Goal away Team odds: 8.0
No next Goal Odds: 0.2
Over 1.5 goals odds: 3.3333333
Under 1.5 goals odds: 0.2


Time: 89:00
Minutes: 89	 Seconds: 00
Home team: Ironi Kiryat Gat 
Away team: Hapoel Azor 
Home team Goals: 0
Away team Goals: 1
Home team odds: 40.0
Away team odds: 0.1
Draw odds: 6.0
Next Goal Home Team odds: 5.5
Next Goal away Team odds: 8.5
No next Goal Odds: 0.16666667
Over 1.5 goals odds: 3.5
Under 1.5 goals odds: 0.16666667


Time: 90:02
Minutes: 90	 Seconds: 02
Home team: Ironi Kiryat Gat 
Away team: Hapoel Azor 
Home team Goals: 0
Away team Goals: 1
Home team odds: 50.0
Away team odds: 0.071428575
Draw odds: 8.0
Next Goal Home Team odds: 6.5
Next Goal away Team odds: 10.0
No next Goal Odds: 0.125
Over 1.5 goals odds: 4.5
Under 1.5 goals odds: 0.125


Time: 91:05
Minutes: 91	 Seconds: 05
Home team: Ironi Kiryat Gat 
Away team: Hapoel Azor 
Home team Goals: 0
Away team Goals: 1
Home team odds: 40.0
Away team odds: 0.083333336
Draw odds: 7.0
Next Goal Home Team odds: 6.0
Next Goal away Team odds: 9.0
No next Goal Odds: 0.16666667
Over 1.5 goals odds: 3.5
Under 1.5 goals odds: 0.16666667


Time: 92:02
Minutes: 92	 Seconds: 02
Home team: Ironi Kiryat Gat 
Away team: Hapoel Azor 
Home team Goals: 0
Away team Goals: 1
Home team odds: 50.0
Away team odds: 0.0625
Draw odds: 9.0
Next Goal Home Team odds: 7.0
Next Goal away Team odds: 10.0
No next Goal Odds: 0.11111111
Over 1.5 goals odds: 5.0
Under 1.5 goals odds: 0.11111111


Time: 93:03
Minutes: 93	 Seconds: 03
Home team: Ironi Kiryat Gat 
Away team: Hapoel Azor 
Home team Goals: 0
Away team Goals: 1
Home team odds: 66.0
Away team odds: 0.04
Draw odds: 12.0
Next Goal Home Team odds: 9.0
Next Goal away Team odds: 11.0
No next Goal Odds: 0.071428575
Over -1.0 goals odds: -1.0
Under -1.0 goals odds: -1.0


Time: 94:02
Minutes: 94	 Seconds: 02
Home team: Ironi Kiryat Gat 
Away team: Hapoel Azor 
Home team Goals: 0
Away team Goals: 1
Home team odds: 80.0
Away team odds: 0.025
Draw odds: 16.0
Next Goal Home Team odds: 12.0
Next Goal away Team odds: 12.0
No next Goal Odds: 0.04
Over -1.0 goals odds: -1.0
Under -1.0 goals odds: -1.0


Time: 95:00
Minutes: 95	 Seconds: 00
Home team: Ironi Kiryat Gat 
Away team: Hapoel Azor 
Home team Goals: 0
Away team Goals: 1
Home team odds: -1.0
Away team odds: -1.0
Draw odds: -1.0
Next Goal Home Team odds: 0.0
Next Goal away Team odds: -1.0
No next Goal Odds: 0.01
Over -1.0 goals odds: -1.0
Under -1.0 goals odds: -1.0



=====   End Odds   =====

Time: 90:00
Minutes: 90	 Seconds: 00
Home team: Ironi Kiryat Gat 
Away team: Hapoel Azor 
Home team Goals: 0
Away team Goals: 1
Home team odds: -1.0
Away team odds: -1.0
Draw odds: -1.0
Next Goal Home Team odds: 0.0
Next Goal away Team odds: -1.0
No next Goal Odds: -1.0
Over -1.0 goals odds: -1.0
Under -1.0 goals odds: -1.0

